[sweep] device=cuda
[sweep] loading caches…
[sweep]   seq_len=128 d_model=768 L=4
[sweep] loading sleeper model…
Warning: You are sending unauthenticated requests to the HF Hub. Please set a HF_TOKEN to enable higher rate limits and faster downloads.
Loaded pretrained model roneneldan/TinyStories-Instruct-33M into HookedTransformer
[sweep] computing baselines…
[sweep]   base_clean_ce=0.7242  base_dep_logp=-11.3803

[sweep] === sae_l0_ln1_s0 ===
[sweep]   ranked features in 1.5s  top_score=0.839
[sweep]   stage-1 sweep over 100 features × 5 alphas
[sweep]     20/100 features (0.6/s)
[sweep]     40/100 features (0.6/s)
[sweep]     60/100 features (0.6/s)
[sweep]     80/100 features (0.6/s)
[sweep]     100/100 features (0.6/s)
[sweep]   stage-2 sampled-ASR on 10 features × 5 alphas
[sweep]     stage-2 2/10 features (46.7s elapsed)
[sweep]     stage-2 4/10 features (93.7s elapsed)
[sweep]     stage-2 6/10 features (140.5s elapsed)
[sweep]     stage-2 8/10 features (187.1s elapsed)
[sweep]     stage-2 10/10 features (233.7s elapsed)
[sweep]   chosen: f=684 α=2.0 val_asr=0.820 Δlogp=-0.197 ΔCE=+0.000
[sweep]   running test eval…
[sweep]   test: asr_16=0.730 (base 0.990) Δlogp=-0.176  ΔCE=-0.000

[sweep] wrote test_results.json
